Analysis & Synthesis report for parte3
Fri Aug 24 22:18:38 2018
Quartus II 64-Bit Version 13.0.1 Build 232 06/12/2013 Service Pack 1 SJ Web Edition


---------------------
; Table of Contents ;
---------------------
  1. Legal Notice
  2. Analysis & Synthesis Summary
  3. Analysis & Synthesis Settings
  4. Parallel Compilation
  5. Analysis & Synthesis Source Files Read
  6. Analysis & Synthesis Resource Usage Summary
  7. Analysis & Synthesis Resource Utilization by Entity
  8. Analysis & Synthesis RAM Summary
  9. Analysis & Synthesis IP Cores Summary
 10. General Register Statistics
 11. Multiplexer Restructuring Statistics (Restructuring Performed)
 12. Source assignments for cache:c1|altsyncram:altsyncram_component|altsyncram_7np1:auto_generated
 13. Parameter Settings for User Entity Instance: cache:c1|altsyncram:altsyncram_component
 14. altsyncram Parameter Settings by Entity Instance
 15. Port Connectivity Checks: "mux_8_1_1_bit:validade_alert"
 16. Port Connectivity Checks: "cache:c1"
 17. Port Connectivity Checks: "mux_8_1_1_bit:mux1"
 18. Port Connectivity Checks: "mux_2_1_2_bits:dirty_alert"
 19. Port Connectivity Checks: "mux_8_1_1_bit:mux2"
 20. Port Connectivity Checks: "tradutor_4_bits_7_seguimentos:display1"
 21. Port Connectivity Checks: "tradutor_4_bits_7_seguimentos:display0"
 22. Elapsed Time Per Partition
 23. Analysis & Synthesis Messages



----------------
; Legal Notice ;
----------------
Copyright (C) 1991-2013 Altera Corporation
Your use of Altera Corporation's design tools, logic functions 
and other software and tools, and its AMPP partner logic 
functions, and any output files from any of the foregoing 
(including device programming or simulation files), and any 
associated documentation or information are expressly subject 
to the terms and conditions of the Altera Program License 
Subscription Agreement, Altera MegaCore Function License 
Agreement, or other applicable license agreement, including, 
without limitation, that your use is for the sole purpose of 
programming logic devices manufactured by Altera and sold by 
Altera or its authorized distributors.  Please refer to the 
applicable agreement for further details.



+--------------------------------------------------------------------------------------+
; Analysis & Synthesis Summary                                                         ;
+------------------------------------+-------------------------------------------------+
; Analysis & Synthesis Status        ; Successful - Fri Aug 24 22:18:38 2018           ;
; Quartus II 64-Bit Version          ; 13.0.1 Build 232 06/12/2013 SP 1 SJ Web Edition ;
; Revision Name                      ; parte3                                          ;
; Top-level Entity Name              ; top_parte3                                      ;
; Family                             ; Cyclone II                                      ;
; Total logic elements               ; 58                                              ;
;     Total combinational functions  ; 58                                              ;
;     Dedicated logic registers      ; 0                                               ;
; Total registers                    ; 0                                               ;
; Total pins                         ; 104                                             ;
; Total virtual pins                 ; 0                                               ;
; Total memory bits                  ; 136                                             ;
; Embedded Multiplier 9-bit elements ; 0                                               ;
; Total PLLs                         ; 0                                               ;
+------------------------------------+-------------------------------------------------+


+----------------------------------------------------------------------------------------------------------------------+
; Analysis & Synthesis Settings                                                                                        ;
+----------------------------------------------------------------------------+--------------------+--------------------+
; Option                                                                     ; Setting            ; Default Value      ;
+----------------------------------------------------------------------------+--------------------+--------------------+
; Device                                                                     ; EP2C35F672C6       ;                    ;
; Top-level entity name                                                      ; top_parte3         ; parte3             ;
; Family name                                                                ; Cyclone II         ; Cyclone IV GX      ;
; Use smart compilation                                                      ; Off                ; Off                ;
; Enable parallel Assembler and TimeQuest Timing Analyzer during compilation ; On                 ; On                 ;
; Enable compact report table                                                ; Off                ; Off                ;
; Restructure Multiplexers                                                   ; Auto               ; Auto               ;
; Create Debugging Nodes for IP Cores                                        ; Off                ; Off                ;
; Preserve fewer node names                                                  ; On                 ; On                 ;
; Disable OpenCore Plus hardware evaluation                                  ; Off                ; Off                ;
; Verilog Version                                                            ; Verilog_2001       ; Verilog_2001       ;
; VHDL Version                                                               ; VHDL_1993          ; VHDL_1993          ;
; State Machine Processing                                                   ; Auto               ; Auto               ;
; Safe State Machine                                                         ; Off                ; Off                ;
; Extract Verilog State Machines                                             ; On                 ; On                 ;
; Extract VHDL State Machines                                                ; On                 ; On                 ;
; Ignore Verilog initial constructs                                          ; Off                ; Off                ;
; Iteration limit for constant Verilog loops                                 ; 5000               ; 5000               ;
; Iteration limit for non-constant Verilog loops                             ; 250                ; 250                ;
; Add Pass-Through Logic to Inferred RAMs                                    ; On                 ; On                 ;
; Infer RAMs from Raw Logic                                                  ; On                 ; On                 ;
; Parallel Synthesis                                                         ; On                 ; On                 ;
; DSP Block Balancing                                                        ; Auto               ; Auto               ;
; NOT Gate Push-Back                                                         ; On                 ; On                 ;
; Power-Up Don't Care                                                        ; On                 ; On                 ;
; Remove Redundant Logic Cells                                               ; Off                ; Off                ;
; Remove Duplicate Registers                                                 ; On                 ; On                 ;
; Ignore CARRY Buffers                                                       ; Off                ; Off                ;
; Ignore CASCADE Buffers                                                     ; Off                ; Off                ;
; Ignore GLOBAL Buffers                                                      ; Off                ; Off                ;
; Ignore ROW GLOBAL Buffers                                                  ; Off                ; Off                ;
; Ignore LCELL Buffers                                                       ; Off                ; Off                ;
; Ignore SOFT Buffers                                                        ; On                 ; On                 ;
; Limit AHDL Integers to 32 Bits                                             ; Off                ; Off                ;
; Optimization Technique                                                     ; Balanced           ; Balanced           ;
; Carry Chain Length                                                         ; 70                 ; 70                 ;
; Auto Carry Chains                                                          ; On                 ; On                 ;
; Auto Open-Drain Pins                                                       ; On                 ; On                 ;
; Perform WYSIWYG Primitive Resynthesis                                      ; Off                ; Off                ;
; Auto ROM Replacement                                                       ; On                 ; On                 ;
; Auto RAM Replacement                                                       ; On                 ; On                 ;
; Auto Shift Register Replacement                                            ; Auto               ; Auto               ;
; Allow Shift Register Merging across Hierarchies                            ; Auto               ; Auto               ;
; Auto Clock Enable Replacement                                              ; On                 ; On                 ;
; Strict RAM Replacement                                                     ; Off                ; Off                ;
; Allow Synchronous Control Signals                                          ; On                 ; On                 ;
; Force Use of Synchronous Clear Signals                                     ; Off                ; Off                ;
; Auto RAM to Logic Cell Conversion                                          ; Off                ; Off                ;
; Auto Resource Sharing                                                      ; Off                ; Off                ;
; Allow Any RAM Size For Recognition                                         ; Off                ; Off                ;
; Allow Any ROM Size For Recognition                                         ; Off                ; Off                ;
; Allow Any Shift Register Size For Recognition                              ; Off                ; Off                ;
; Use LogicLock Constraints during Resource Balancing                        ; On                 ; On                 ;
; Ignore translate_off and synthesis_off directives                          ; Off                ; Off                ;
; Timing-Driven Synthesis                                                    ; Off                ; Off                ;
; Report Parameter Settings                                                  ; On                 ; On                 ;
; Report Source Assignments                                                  ; On                 ; On                 ;
; Report Connectivity Checks                                                 ; On                 ; On                 ;
; Ignore Maximum Fan-Out Assignments                                         ; Off                ; Off                ;
; Synchronization Register Chain Length                                      ; 2                  ; 2                  ;
; PowerPlay Power Optimization                                               ; Normal compilation ; Normal compilation ;
; HDL message level                                                          ; Level2             ; Level2             ;
; Suppress Register Optimization Related Messages                            ; Off                ; Off                ;
; Number of Removed Registers Reported in Synthesis Report                   ; 5000               ; 5000               ;
; Number of Swept Nodes Reported in Synthesis Report                         ; 5000               ; 5000               ;
; Number of Inverted Registers Reported in Synthesis Report                  ; 100                ; 100                ;
; Clock MUX Protection                                                       ; On                 ; On                 ;
; Auto Gated Clock Conversion                                                ; Off                ; Off                ;
; Block Design Naming                                                        ; Auto               ; Auto               ;
; SDC constraint protection                                                  ; Off                ; Off                ;
; Synthesis Effort                                                           ; Auto               ; Auto               ;
; Shift Register Replacement - Allow Asynchronous Clear Signal               ; On                 ; On                 ;
; Pre-Mapping Resynthesis Optimization                                       ; Off                ; Off                ;
; Analysis & Synthesis Message Level                                         ; Medium             ; Medium             ;
; Disable Register Merging Across Hierarchies                                ; Auto               ; Auto               ;
; Resource Aware Inference For Block RAM                                     ; On                 ; On                 ;
; Synthesis Seed                                                             ; 1                  ; 1                  ;
+----------------------------------------------------------------------------+--------------------+--------------------+


Parallel compilation was disabled, but you have multiple processors available. Enable parallel compilation to reduce compilation time.
+-------------------------------------+
; Parallel Compilation                ;
+----------------------------+--------+
; Processors                 ; Number ;
+----------------------------+--------+
; Number detected on machine ; 4      ;
; Maximum allowed            ; 1      ;
+----------------------------+--------+


+-------------------------------------------------------------------------------------------------------------------------------------------------------------------------------------------------+
; Analysis & Synthesis Source Files Read                                                                                                                                                          ;
+----------------------------------+-----------------+----------------------------------+-----------------------------------------------------------------------------------------------+---------+
; File Name with User-Entered Path ; Used in Netlist ; File Type                        ; File Name with Absolute Path                                                                  ; Library ;
+----------------------------------+-----------------+----------------------------------+-----------------------------------------------------------------------------------------------+---------+
; top_parte3.v                     ; yes             ; User Verilog HDL File            ; C:/Users/Antonio/Documents/4_semestre/LAOC II/pratica1/parte3/top_parte3.v                    ;         ;
; tradutor_4_bits_7_seguimentos.v  ; yes             ; User Verilog HDL File            ; C:/Users/Antonio/Documents/4_semestre/LAOC II/pratica1/parte3/tradutor_4_bits_7_seguimentos.v ;         ;
; cache.mif                        ; yes             ; User Memory Initialization File  ; C:/Users/Antonio/Documents/4_semestre/LAOC II/pratica1/parte3/cache.mif                       ;         ;
; cache.v                          ; yes             ; User Wizard-Generated File       ; C:/Users/Antonio/Documents/4_semestre/LAOC II/pratica1/parte3/cache.v                         ;         ;
; mux.v                            ; yes             ; User Verilog HDL File            ; C:/Users/Antonio/Documents/4_semestre/LAOC II/pratica1/parte3/mux.v                           ;         ;
; comparacoes.v                    ; yes             ; User Verilog HDL File            ; C:/Users/Antonio/Documents/4_semestre/LAOC II/pratica1/parte3/comparacoes.v                   ;         ;
; altsyncram.tdf                   ; yes             ; Megafunction                     ; c:/altera/13.0sp1/quartus/libraries/megafunctions/altsyncram.tdf                              ;         ;
; stratix_ram_block.inc            ; yes             ; Megafunction                     ; c:/altera/13.0sp1/quartus/libraries/megafunctions/stratix_ram_block.inc                       ;         ;
; lpm_mux.inc                      ; yes             ; Megafunction                     ; c:/altera/13.0sp1/quartus/libraries/megafunctions/lpm_mux.inc                                 ;         ;
; lpm_decode.inc                   ; yes             ; Megafunction                     ; c:/altera/13.0sp1/quartus/libraries/megafunctions/lpm_decode.inc                              ;         ;
; aglobal130.inc                   ; yes             ; Megafunction                     ; c:/altera/13.0sp1/quartus/libraries/megafunctions/aglobal130.inc                              ;         ;
; a_rdenreg.inc                    ; yes             ; Megafunction                     ; c:/altera/13.0sp1/quartus/libraries/megafunctions/a_rdenreg.inc                               ;         ;
; altrom.inc                       ; yes             ; Megafunction                     ; c:/altera/13.0sp1/quartus/libraries/megafunctions/altrom.inc                                  ;         ;
; altram.inc                       ; yes             ; Megafunction                     ; c:/altera/13.0sp1/quartus/libraries/megafunctions/altram.inc                                  ;         ;
; altdpram.inc                     ; yes             ; Megafunction                     ; c:/altera/13.0sp1/quartus/libraries/megafunctions/altdpram.inc                                ;         ;
; db/altsyncram_7np1.tdf           ; yes             ; Auto-Generated Megafunction      ; C:/Users/Antonio/Documents/4_semestre/LAOC II/pratica1/parte3/db/altsyncram_7np1.tdf          ;         ;
+----------------------------------+-----------------+----------------------------------+-----------------------------------------------------------------------------------------------+---------+


+------------------------------------------------------+
; Analysis & Synthesis Resource Usage Summary          ;
+---------------------------------------------+--------+
; Resource                                    ; Usage  ;
+---------------------------------------------+--------+
; Estimated Total logic elements              ; 58     ;
;                                             ;        ;
; Total combinational functions               ; 58     ;
; Logic element usage by number of LUT inputs ;        ;
;     -- 4 input functions                    ; 30     ;
;     -- 3 input functions                    ; 20     ;
;     -- <=2 input functions                  ; 8      ;
;                                             ;        ;
; Logic elements by mode                      ;        ;
;     -- normal mode                          ; 58     ;
;     -- arithmetic mode                      ; 0      ;
;                                             ;        ;
; Total registers                             ; 0      ;
;     -- Dedicated logic registers            ; 0      ;
;     -- I/O registers                        ; 0      ;
;                                             ;        ;
; I/O pins                                    ; 104    ;
; Total memory bits                           ; 136    ;
; Embedded Multiplier 9-bit elements          ; 0      ;
; Maximum fan-out node                        ; SW[14] ;
; Maximum fan-out                             ; 24     ;
; Total fan-out                               ; 312    ;
; Average fan-out                             ; 1.74   ;
+---------------------------------------------+--------+


+--------------------------------------------------------------------------------------------------------------------------------------------------------------------------------------------------------------------------------------------------------------+
; Analysis & Synthesis Resource Utilization by Entity                                                                                                                                                                                                          ;
+---------------------------------------------+-------------------+--------------+-------------+--------------+---------+-----------+------+--------------+-------------------------------------------------------------------------------------+--------------+
; Compilation Hierarchy Node                  ; LC Combinationals ; LC Registers ; Memory Bits ; DSP Elements ; DSP 9x9 ; DSP 18x18 ; Pins ; Virtual Pins ; Full Hierarchy Name                                                                 ; Library Name ;
+---------------------------------------------+-------------------+--------------+-------------+--------------+---------+-----------+------+--------------+-------------------------------------------------------------------------------------+--------------+
; |top_parte3                                 ; 58 (12)           ; 0 (0)        ; 136         ; 0            ; 0       ; 0         ; 104  ; 0            ; |top_parte3                                                                         ; work         ;
;    |cache:c1|                               ; 0 (0)             ; 0 (0)        ; 136         ; 0            ; 0       ; 0         ; 0    ; 0            ; |top_parte3|cache:c1                                                                ; work         ;
;       |altsyncram:altsyncram_component|     ; 0 (0)             ; 0 (0)        ; 136         ; 0            ; 0       ; 0         ; 0    ; 0            ; |top_parte3|cache:c1|altsyncram:altsyncram_component                                ; work         ;
;          |altsyncram_7np1:auto_generated|   ; 0 (0)             ; 0 (0)        ; 136         ; 0            ; 0       ; 0         ; 0    ; 0            ; |top_parte3|cache:c1|altsyncram:altsyncram_component|altsyncram_7np1:auto_generated ; work         ;
;    |mux_2_1_17bits:juncao_leitura_escrita|  ; 17 (0)            ; 0 (0)        ; 0           ; 0            ; 0       ; 0         ; 0    ; 0            ; |top_parte3|mux_2_1_17bits:juncao_leitura_escrita                                   ; work         ;
;       |mux_2_1_1_bit:m4|                    ; 1 (1)             ; 0 (0)        ; 0           ; 0            ; 0       ; 0         ; 0    ; 0            ; |top_parte3|mux_2_1_17bits:juncao_leitura_escrita|mux_2_1_1_bit:m4                  ; work         ;
;       |mux_2_1_4bits:m0|                    ; 4 (0)             ; 0 (0)        ; 0           ; 0            ; 0       ; 0         ; 0    ; 0            ; |top_parte3|mux_2_1_17bits:juncao_leitura_escrita|mux_2_1_4bits:m0                  ; work         ;
;          |mux_2_1_1_bit:m0|                 ; 1 (1)             ; 0 (0)        ; 0           ; 0            ; 0       ; 0         ; 0    ; 0            ; |top_parte3|mux_2_1_17bits:juncao_leitura_escrita|mux_2_1_4bits:m0|mux_2_1_1_bit:m0 ; work         ;
;          |mux_2_1_1_bit:m1|                 ; 1 (1)             ; 0 (0)        ; 0           ; 0            ; 0       ; 0         ; 0    ; 0            ; |top_parte3|mux_2_1_17bits:juncao_leitura_escrita|mux_2_1_4bits:m0|mux_2_1_1_bit:m1 ; work         ;
;          |mux_2_1_1_bit:m2|                 ; 1 (1)             ; 0 (0)        ; 0           ; 0            ; 0       ; 0         ; 0    ; 0            ; |top_parte3|mux_2_1_17bits:juncao_leitura_escrita|mux_2_1_4bits:m0|mux_2_1_1_bit:m2 ; work         ;
;          |mux_2_1_1_bit:m3|                 ; 1 (1)             ; 0 (0)        ; 0           ; 0            ; 0       ; 0         ; 0    ; 0            ; |top_parte3|mux_2_1_17bits:juncao_leitura_escrita|mux_2_1_4bits:m0|mux_2_1_1_bit:m3 ; work         ;
;       |mux_2_1_4bits:m1|                    ; 4 (0)             ; 0 (0)        ; 0           ; 0            ; 0       ; 0         ; 0    ; 0            ; |top_parte3|mux_2_1_17bits:juncao_leitura_escrita|mux_2_1_4bits:m1                  ; work         ;
;          |mux_2_1_1_bit:m0|                 ; 1 (1)             ; 0 (0)        ; 0           ; 0            ; 0       ; 0         ; 0    ; 0            ; |top_parte3|mux_2_1_17bits:juncao_leitura_escrita|mux_2_1_4bits:m1|mux_2_1_1_bit:m0 ; work         ;
;          |mux_2_1_1_bit:m1|                 ; 1 (1)             ; 0 (0)        ; 0           ; 0            ; 0       ; 0         ; 0    ; 0            ; |top_parte3|mux_2_1_17bits:juncao_leitura_escrita|mux_2_1_4bits:m1|mux_2_1_1_bit:m1 ; work         ;
;          |mux_2_1_1_bit:m2|                 ; 1 (1)             ; 0 (0)        ; 0           ; 0            ; 0       ; 0         ; 0    ; 0            ; |top_parte3|mux_2_1_17bits:juncao_leitura_escrita|mux_2_1_4bits:m1|mux_2_1_1_bit:m2 ; work         ;
;          |mux_2_1_1_bit:m3|                 ; 1 (1)             ; 0 (0)        ; 0           ; 0            ; 0       ; 0         ; 0    ; 0            ; |top_parte3|mux_2_1_17bits:juncao_leitura_escrita|mux_2_1_4bits:m1|mux_2_1_1_bit:m3 ; work         ;
;       |mux_2_1_4bits:m2|                    ; 4 (0)             ; 0 (0)        ; 0           ; 0            ; 0       ; 0         ; 0    ; 0            ; |top_parte3|mux_2_1_17bits:juncao_leitura_escrita|mux_2_1_4bits:m2                  ; work         ;
;          |mux_2_1_1_bit:m0|                 ; 1 (1)             ; 0 (0)        ; 0           ; 0            ; 0       ; 0         ; 0    ; 0            ; |top_parte3|mux_2_1_17bits:juncao_leitura_escrita|mux_2_1_4bits:m2|mux_2_1_1_bit:m0 ; work         ;
;          |mux_2_1_1_bit:m1|                 ; 1 (1)             ; 0 (0)        ; 0           ; 0            ; 0       ; 0         ; 0    ; 0            ; |top_parte3|mux_2_1_17bits:juncao_leitura_escrita|mux_2_1_4bits:m2|mux_2_1_1_bit:m1 ; work         ;
;          |mux_2_1_1_bit:m2|                 ; 1 (1)             ; 0 (0)        ; 0           ; 0            ; 0       ; 0         ; 0    ; 0            ; |top_parte3|mux_2_1_17bits:juncao_leitura_escrita|mux_2_1_4bits:m2|mux_2_1_1_bit:m2 ; work         ;
;          |mux_2_1_1_bit:m3|                 ; 1 (1)             ; 0 (0)        ; 0           ; 0            ; 0       ; 0         ; 0    ; 0            ; |top_parte3|mux_2_1_17bits:juncao_leitura_escrita|mux_2_1_4bits:m2|mux_2_1_1_bit:m3 ; work         ;
;       |mux_2_1_4bits:m3|                    ; 4 (0)             ; 0 (0)        ; 0           ; 0            ; 0       ; 0         ; 0    ; 0            ; |top_parte3|mux_2_1_17bits:juncao_leitura_escrita|mux_2_1_4bits:m3                  ; work         ;
;          |mux_2_1_1_bit:m0|                 ; 1 (1)             ; 0 (0)        ; 0           ; 0            ; 0       ; 0         ; 0    ; 0            ; |top_parte3|mux_2_1_17bits:juncao_leitura_escrita|mux_2_1_4bits:m3|mux_2_1_1_bit:m0 ; work         ;
;          |mux_2_1_1_bit:m1|                 ; 1 (1)             ; 0 (0)        ; 0           ; 0            ; 0       ; 0         ; 0    ; 0            ; |top_parte3|mux_2_1_17bits:juncao_leitura_escrita|mux_2_1_4bits:m3|mux_2_1_1_bit:m1 ; work         ;
;          |mux_2_1_1_bit:m2|                 ; 1 (1)             ; 0 (0)        ; 0           ; 0            ; 0       ; 0         ; 0    ; 0            ; |top_parte3|mux_2_1_17bits:juncao_leitura_escrita|mux_2_1_4bits:m3|mux_2_1_1_bit:m2 ; work         ;
;          |mux_2_1_1_bit:m3|                 ; 1 (1)             ; 0 (0)        ; 0           ; 0            ; 0       ; 0         ; 0    ; 0            ; |top_parte3|mux_2_1_17bits:juncao_leitura_escrita|mux_2_1_4bits:m3|mux_2_1_1_bit:m3 ; work         ;
;    |mux_8_1_1_bit:mux1|                     ; 1 (1)             ; 0 (0)        ; 0           ; 0            ; 0       ; 0         ; 0    ; 0            ; |top_parte3|mux_8_1_1_bit:mux1                                                      ; work         ;
;    |mux_8_1_4_bits:mux0|                    ; 4 (0)             ; 0 (0)        ; 0           ; 0            ; 0       ; 0         ; 0    ; 0            ; |top_parte3|mux_8_1_4_bits:mux0                                                     ; work         ;
;       |mux_8_1_1_bit:m0|                    ; 1 (1)             ; 0 (0)        ; 0           ; 0            ; 0       ; 0         ; 0    ; 0            ; |top_parte3|mux_8_1_4_bits:mux0|mux_8_1_1_bit:m0                                    ; work         ;
;       |mux_8_1_1_bit:m1|                    ; 1 (1)             ; 0 (0)        ; 0           ; 0            ; 0       ; 0         ; 0    ; 0            ; |top_parte3|mux_8_1_4_bits:mux0|mux_8_1_1_bit:m1                                    ; work         ;
;       |mux_8_1_1_bit:m2|                    ; 1 (1)             ; 0 (0)        ; 0           ; 0            ; 0       ; 0         ; 0    ; 0            ; |top_parte3|mux_8_1_4_bits:mux0|mux_8_1_1_bit:m2                                    ; work         ;
;       |mux_8_1_1_bit:m3|                    ; 1 (1)             ; 0 (0)        ; 0           ; 0            ; 0       ; 0         ; 0    ; 0            ; |top_parte3|mux_8_1_4_bits:mux0|mux_8_1_1_bit:m3                                    ; work         ;
;    |tradutor_4_bits_7_seguimentos:display0| ; 3 (3)             ; 0 (0)        ; 0           ; 0            ; 0       ; 0         ; 0    ; 0            ; |top_parte3|tradutor_4_bits_7_seguimentos:display0                                  ; work         ;
;    |tradutor_4_bits_7_seguimentos:display1| ; 7 (7)             ; 0 (0)        ; 0           ; 0            ; 0       ; 0         ; 0    ; 0            ; |top_parte3|tradutor_4_bits_7_seguimentos:display1                                  ; work         ;
;    |tradutor_4_bits_7_seguimentos:display2| ; 7 (7)             ; 0 (0)        ; 0           ; 0            ; 0       ; 0         ; 0    ; 0            ; |top_parte3|tradutor_4_bits_7_seguimentos:display2                                  ; work         ;
;    |tradutor_4_bits_7_seguimentos:display3| ; 7 (7)             ; 0 (0)        ; 0           ; 0            ; 0       ; 0         ; 0    ; 0            ; |top_parte3|tradutor_4_bits_7_seguimentos:display3                                  ; work         ;
+---------------------------------------------+-------------------+--------------+-------------+--------------+---------+-----------+------+--------------+-------------------------------------------------------------------------------------+--------------+
Note: For table entries with two numbers listed, the numbers in parentheses indicate the number of resources of the given type used by the specific entity alone. The numbers listed outside of parentheses indicate the total resources of the given type used by the specific entity and all of its sub-entities in the hierarchy.


+---------------------------------------------------------------------------------------------------------------------------------------------------------------------------------------------+
; Analysis & Synthesis RAM Summary                                                                                                                                                            ;
+------------------------------------------------------------------------------------+------+------------------+--------------+--------------+--------------+--------------+------+-----------+
; Name                                                                               ; Type ; Mode             ; Port A Depth ; Port A Width ; Port B Depth ; Port B Width ; Size ; MIF       ;
+------------------------------------------------------------------------------------+------+------------------+--------------+--------------+--------------+--------------+------+-----------+
; cache:c1|altsyncram:altsyncram_component|altsyncram_7np1:auto_generated|ALTSYNCRAM ; AUTO ; Simple Dual Port ; 8            ; 17           ; 8            ; 17           ; 136  ; cache.mif ;
+------------------------------------------------------------------------------------+------+------------------+--------------+--------------+--------------+--------------+------+-----------+


+--------------------------------------------------------------------------------------------------------------------------------------------------------------+
; Analysis & Synthesis IP Cores Summary                                                                                                                        ;
+--------+--------------+---------+--------------+--------------+----------------------+-----------------------------------------------------------------------+
; Vendor ; IP Core Name ; Version ; Release Date ; License Type ; Entity Instance      ; IP Include File                                                       ;
+--------+--------------+---------+--------------+--------------+----------------------+-----------------------------------------------------------------------+
; Altera ; RAM: 2-PORT  ; 13.0    ; N/A          ; N/A          ; |top_parte3|cache:c1 ; C:/Users/Antonio/Documents/4_semestre/LAOC II/pratica1/parte3/cache.v ;
+--------+--------------+---------+--------------+--------------+----------------------+-----------------------------------------------------------------------+


+------------------------------------------------------+
; General Register Statistics                          ;
+----------------------------------------------+-------+
; Statistic                                    ; Value ;
+----------------------------------------------+-------+
; Total registers                              ; 0     ;
; Number of registers using Synchronous Clear  ; 0     ;
; Number of registers using Synchronous Load   ; 0     ;
; Number of registers using Asynchronous Clear ; 0     ;
; Number of registers using Asynchronous Load  ; 0     ;
; Number of registers using Clock Enable       ; 0     ;
; Number of registers using Preset             ; 0     ;
+----------------------------------------------+-------+


+-------------------------------------------------------------------------------------------------------------------------------------------------------------------------------------------------------+
; Multiplexer Restructuring Statistics (Restructuring Performed)                                                                                                                                        ;
+--------------------+-----------+---------------+----------------------+------------------------+------------+-----------------------------------------------------------------------------------------+
; Multiplexer Inputs ; Bus Width ; Baseline Area ; Area if Restructured ; Saving if Restructured ; Registered ; Example Multiplexer Output                                                              ;
+--------------------+-----------+---------------+----------------------+------------------------+------------+-----------------------------------------------------------------------------------------+
; 3:1                ; 6 bits    ; 12 LEs        ; 6 LEs                ; 6 LEs                  ; No         ; |top_parte3|mux_2_1_17bits:juncao_leitura_escrita|mux_2_1_4bits:m3|mux_2_1_1_bit:m3|out ;
; 3:1                ; 6 bits    ; 12 LEs        ; 6 LEs                ; 6 LEs                  ; No         ; |top_parte3|mux_2_1_17bits:juncao_leitura_escrita|mux_2_1_4bits:m0|mux_2_1_1_bit:m0|out ;
+--------------------+-----------+---------------+----------------------+------------------------+------------+-----------------------------------------------------------------------------------------+


+------------------------------------------------------------------------------------------------+
; Source assignments for cache:c1|altsyncram:altsyncram_component|altsyncram_7np1:auto_generated ;
+---------------------------------+--------------------+------+----------------------------------+
; Assignment                      ; Value              ; From ; To                               ;
+---------------------------------+--------------------+------+----------------------------------+
; OPTIMIZE_POWER_DURING_SYNTHESIS ; NORMAL_COMPILATION ; -    ; -                                ;
+---------------------------------+--------------------+------+----------------------------------+


+---------------------------------------------------------------------------------------+
; Parameter Settings for User Entity Instance: cache:c1|altsyncram:altsyncram_component ;
+------------------------------------+----------------------+---------------------------+
; Parameter Name                     ; Value                ; Type                      ;
+------------------------------------+----------------------+---------------------------+
; BYTE_SIZE_BLOCK                    ; 8                    ; Untyped                   ;
; AUTO_CARRY_CHAINS                  ; ON                   ; AUTO_CARRY                ;
; IGNORE_CARRY_BUFFERS               ; OFF                  ; IGNORE_CARRY              ;
; AUTO_CASCADE_CHAINS                ; ON                   ; AUTO_CASCADE              ;
; IGNORE_CASCADE_BUFFERS             ; OFF                  ; IGNORE_CASCADE            ;
; WIDTH_BYTEENA                      ; 1                    ; Untyped                   ;
; OPERATION_MODE                     ; DUAL_PORT            ; Untyped                   ;
; WIDTH_A                            ; 17                   ; Signed Integer            ;
; WIDTHAD_A                          ; 3                    ; Signed Integer            ;
; NUMWORDS_A                         ; 8                    ; Signed Integer            ;
; OUTDATA_REG_A                      ; UNREGISTERED         ; Untyped                   ;
; ADDRESS_ACLR_A                     ; NONE                 ; Untyped                   ;
; OUTDATA_ACLR_A                     ; NONE                 ; Untyped                   ;
; WRCONTROL_ACLR_A                   ; NONE                 ; Untyped                   ;
; INDATA_ACLR_A                      ; NONE                 ; Untyped                   ;
; BYTEENA_ACLR_A                     ; NONE                 ; Untyped                   ;
; WIDTH_B                            ; 17                   ; Signed Integer            ;
; WIDTHAD_B                          ; 3                    ; Signed Integer            ;
; NUMWORDS_B                         ; 8                    ; Signed Integer            ;
; INDATA_REG_B                       ; CLOCK1               ; Untyped                   ;
; WRCONTROL_WRADDRESS_REG_B          ; CLOCK1               ; Untyped                   ;
; RDCONTROL_REG_B                    ; CLOCK1               ; Untyped                   ;
; ADDRESS_REG_B                      ; CLOCK1               ; Untyped                   ;
; OUTDATA_REG_B                      ; UNREGISTERED         ; Untyped                   ;
; BYTEENA_REG_B                      ; CLOCK1               ; Untyped                   ;
; INDATA_ACLR_B                      ; NONE                 ; Untyped                   ;
; WRCONTROL_ACLR_B                   ; NONE                 ; Untyped                   ;
; ADDRESS_ACLR_B                     ; NONE                 ; Untyped                   ;
; OUTDATA_ACLR_B                     ; NONE                 ; Untyped                   ;
; RDCONTROL_ACLR_B                   ; NONE                 ; Untyped                   ;
; BYTEENA_ACLR_B                     ; NONE                 ; Untyped                   ;
; WIDTH_BYTEENA_A                    ; 1                    ; Signed Integer            ;
; WIDTH_BYTEENA_B                    ; 1                    ; Untyped                   ;
; RAM_BLOCK_TYPE                     ; AUTO                 ; Untyped                   ;
; BYTE_SIZE                          ; 8                    ; Untyped                   ;
; READ_DURING_WRITE_MODE_MIXED_PORTS ; DONT_CARE            ; Untyped                   ;
; READ_DURING_WRITE_MODE_PORT_A      ; NEW_DATA_NO_NBE_READ ; Untyped                   ;
; READ_DURING_WRITE_MODE_PORT_B      ; NEW_DATA_NO_NBE_READ ; Untyped                   ;
; INIT_FILE                          ; cache.mif            ; Untyped                   ;
; INIT_FILE_LAYOUT                   ; PORT_A               ; Untyped                   ;
; MAXIMUM_DEPTH                      ; 0                    ; Untyped                   ;
; CLOCK_ENABLE_INPUT_A               ; BYPASS               ; Untyped                   ;
; CLOCK_ENABLE_INPUT_B               ; BYPASS               ; Untyped                   ;
; CLOCK_ENABLE_OUTPUT_A              ; BYPASS               ; Untyped                   ;
; CLOCK_ENABLE_OUTPUT_B              ; BYPASS               ; Untyped                   ;
; CLOCK_ENABLE_CORE_A                ; USE_INPUT_CLKEN      ; Untyped                   ;
; CLOCK_ENABLE_CORE_B                ; USE_INPUT_CLKEN      ; Untyped                   ;
; ENABLE_ECC                         ; FALSE                ; Untyped                   ;
; ECC_PIPELINE_STAGE_ENABLED         ; FALSE                ; Untyped                   ;
; WIDTH_ECCSTATUS                    ; 3                    ; Untyped                   ;
; DEVICE_FAMILY                      ; Cyclone II           ; Untyped                   ;
; CBXI_PARAMETER                     ; altsyncram_7np1      ; Untyped                   ;
+------------------------------------+----------------------+---------------------------+
Note: In order to hide this table in the UI and the text report file, please set the "Show Parameter Settings in Synthesis Report" option in "Analysis and Synthesis Settings -> More Settings" to "Off".


+--------------------------------------------------------------------------------------+
; altsyncram Parameter Settings by Entity Instance                                     ;
+-------------------------------------------+------------------------------------------+
; Name                                      ; Value                                    ;
+-------------------------------------------+------------------------------------------+
; Number of entity instances                ; 1                                        ;
; Entity Instance                           ; cache:c1|altsyncram:altsyncram_component ;
;     -- OPERATION_MODE                     ; DUAL_PORT                                ;
;     -- WIDTH_A                            ; 17                                       ;
;     -- NUMWORDS_A                         ; 8                                        ;
;     -- OUTDATA_REG_A                      ; UNREGISTERED                             ;
;     -- WIDTH_B                            ; 17                                       ;
;     -- NUMWORDS_B                         ; 8                                        ;
;     -- ADDRESS_REG_B                      ; CLOCK1                                   ;
;     -- OUTDATA_REG_B                      ; UNREGISTERED                             ;
;     -- RAM_BLOCK_TYPE                     ; AUTO                                     ;
;     -- READ_DURING_WRITE_MODE_MIXED_PORTS ; DONT_CARE                                ;
+-------------------------------------------+------------------------------------------+


+-----------------------------------------------------------------------------------------------------------------------------------------------------------------------------------------------------------------+
; Port Connectivity Checks: "mux_8_1_1_bit:validade_alert"                                                                                                                                                        ;
+---------+-------+----------+------------------------------------------------------------------------------------------------------------------------------------------------------------------------------------+
; Port    ; Type  ; Severity ; Details                                                                                                                                                                            ;
+---------+-------+----------+------------------------------------------------------------------------------------------------------------------------------------------------------------------------------------+
; in0     ; Input ; Warning  ; Input port expression (32 bits) is wider than the input port (1 bits) it drives.  The 31 most-significant bit(s) in the expression will be dangling if they have no other fanouts. ;
; in0[-1] ; Input ; Info     ; Stuck at GND                                                                                                                                                                       ;
; in4     ; Input ; Warning  ; Input port expression (32 bits) is wider than the input port (1 bits) it drives.  The 31 most-significant bit(s) in the expression will be dangling if they have no other fanouts. ;
; in4[-1] ; Input ; Info     ; Stuck at GND                                                                                                                                                                       ;
+---------+-------+----------+------------------------------------------------------------------------------------------------------------------------------------------------------------------------------------+


+----------------------------------------+
; Port Connectivity Checks: "cache:c1"   ;
+------+-------+----------+--------------+
; Port ; Type  ; Severity ; Details      ;
+------+-------+----------+--------------+
; rden ; Input ; Info     ; Stuck at VCC ;
; wren ; Input ; Info     ; Stuck at VCC ;
+------+-------+----------+--------------+


+-----------------------------------------------------------------------------------------------------------------------------------------------------------------------------------------------------------------+
; Port Connectivity Checks: "mux_8_1_1_bit:mux1"                                                                                                                                                                  ;
+---------+-------+----------+------------------------------------------------------------------------------------------------------------------------------------------------------------------------------------+
; Port    ; Type  ; Severity ; Details                                                                                                                                                                            ;
+---------+-------+----------+------------------------------------------------------------------------------------------------------------------------------------------------------------------------------------+
; in0     ; Input ; Warning  ; Input port expression (32 bits) is wider than the input port (1 bits) it drives.  The 31 most-significant bit(s) in the expression will be dangling if they have no other fanouts. ;
; in0[-1] ; Input ; Info     ; Stuck at GND                                                                                                                                                                       ;
; in1     ; Input ; Warning  ; Input port expression (32 bits) is wider than the input port (1 bits) it drives.  The 31 most-significant bit(s) in the expression will be dangling if they have no other fanouts. ;
; in1[-1] ; Input ; Info     ; Stuck at GND                                                                                                                                                                       ;
; in2     ; Input ; Warning  ; Input port expression (32 bits) is wider than the input port (1 bits) it drives.  The 31 most-significant bit(s) in the expression will be dangling if they have no other fanouts. ;
; in2[-1] ; Input ; Info     ; Stuck at VCC                                                                                                                                                                       ;
; in3     ; Input ; Warning  ; Input port expression (32 bits) is wider than the input port (1 bits) it drives.  The 31 most-significant bit(s) in the expression will be dangling if they have no other fanouts. ;
; in3[-1] ; Input ; Info     ; Stuck at GND                                                                                                                                                                       ;
; in4     ; Input ; Warning  ; Input port expression (32 bits) is wider than the input port (1 bits) it drives.  The 31 most-significant bit(s) in the expression will be dangling if they have no other fanouts. ;
; in4[-1] ; Input ; Info     ; Stuck at VCC                                                                                                                                                                       ;
; in5     ; Input ; Warning  ; Input port expression (32 bits) is wider than the input port (1 bits) it drives.  The 31 most-significant bit(s) in the expression will be dangling if they have no other fanouts. ;
; in5[-1] ; Input ; Info     ; Stuck at GND                                                                                                                                                                       ;
; in6     ; Input ; Warning  ; Input port expression (32 bits) is wider than the input port (1 bits) it drives.  The 31 most-significant bit(s) in the expression will be dangling if they have no other fanouts. ;
; in6[-1] ; Input ; Info     ; Stuck at VCC                                                                                                                                                                       ;
; in7     ; Input ; Warning  ; Input port expression (32 bits) is wider than the input port (1 bits) it drives.  The 31 most-significant bit(s) in the expression will be dangling if they have no other fanouts. ;
; in7[-1] ; Input ; Info     ; Stuck at VCC                                                                                                                                                                       ;
+---------+-------+----------+------------------------------------------------------------------------------------------------------------------------------------------------------------------------------------+


+------------------------------------------------------------------------------------------------------------------------------------------------------------------------+
; Port Connectivity Checks: "mux_2_1_2_bits:dirty_alert"                                                                                                                 ;
+------+--------+----------+---------------------------------------------------------------------------------------------------------------------------------------------+
; Port ; Type   ; Severity ; Details                                                                                                                                     ;
+------+--------+----------+---------------------------------------------------------------------------------------------------------------------------------------------+
; in0  ; Input  ; Warning  ; Input port expression (1 bits) is smaller than the input port (2 bits) it drives.  Extra input bit(s) "in0[1..1]" will be connected to GND. ;
; in1  ; Input  ; Warning  ; Input port expression (1 bits) is smaller than the input port (2 bits) it drives.  Extra input bit(s) "in1[1..1]" will be connected to GND. ;
; out  ; Output ; Warning  ; Output or bidir port (2 bits) is wider than the port expression (1 bits) it drives; bit(s) "out[1..1]" have no fanouts                      ;
+------+--------+----------+---------------------------------------------------------------------------------------------------------------------------------------------+


+-----------------------------------------------------------------------------------------------------------------------------------------------------------------------------------------------------------------+
; Port Connectivity Checks: "mux_8_1_1_bit:mux2"                                                                                                                                                                  ;
+---------+-------+----------+------------------------------------------------------------------------------------------------------------------------------------------------------------------------------------+
; Port    ; Type  ; Severity ; Details                                                                                                                                                                            ;
+---------+-------+----------+------------------------------------------------------------------------------------------------------------------------------------------------------------------------------------+
; in0     ; Input ; Warning  ; Input port expression (32 bits) is wider than the input port (1 bits) it drives.  The 31 most-significant bit(s) in the expression will be dangling if they have no other fanouts. ;
; in0[-1] ; Input ; Info     ; Stuck at GND                                                                                                                                                                       ;
; in1     ; Input ; Warning  ; Input port expression (32 bits) is wider than the input port (1 bits) it drives.  The 31 most-significant bit(s) in the expression will be dangling if they have no other fanouts. ;
; in1[-1] ; Input ; Info     ; Stuck at GND                                                                                                                                                                       ;
; in2     ; Input ; Warning  ; Input port expression (32 bits) is wider than the input port (1 bits) it drives.  The 31 most-significant bit(s) in the expression will be dangling if they have no other fanouts. ;
; in2[-1] ; Input ; Info     ; Stuck at VCC                                                                                                                                                                       ;
; in3     ; Input ; Warning  ; Input port expression (32 bits) is wider than the input port (1 bits) it drives.  The 31 most-significant bit(s) in the expression will be dangling if they have no other fanouts. ;
; in3[-1] ; Input ; Info     ; Stuck at GND                                                                                                                                                                       ;
; in4     ; Input ; Warning  ; Input port expression (32 bits) is wider than the input port (1 bits) it drives.  The 31 most-significant bit(s) in the expression will be dangling if they have no other fanouts. ;
; in4[-1] ; Input ; Info     ; Stuck at VCC                                                                                                                                                                       ;
; in5     ; Input ; Warning  ; Input port expression (32 bits) is wider than the input port (1 bits) it drives.  The 31 most-significant bit(s) in the expression will be dangling if they have no other fanouts. ;
; in5[-1] ; Input ; Info     ; Stuck at GND                                                                                                                                                                       ;
; in6     ; Input ; Warning  ; Input port expression (32 bits) is wider than the input port (1 bits) it drives.  The 31 most-significant bit(s) in the expression will be dangling if they have no other fanouts. ;
; in6[-1] ; Input ; Info     ; Stuck at VCC                                                                                                                                                                       ;
; in7     ; Input ; Warning  ; Input port expression (32 bits) is wider than the input port (1 bits) it drives.  The 31 most-significant bit(s) in the expression will be dangling if they have no other fanouts. ;
; in7[-1] ; Input ; Info     ; Stuck at VCC                                                                                                                                                                       ;
+---------+-------+----------+------------------------------------------------------------------------------------------------------------------------------------------------------------------------------------+


+------------------------------------------------------------------------------------------------------------------------------------------------------------------------+
; Port Connectivity Checks: "tradutor_4_bits_7_seguimentos:display1"                                                                                                     ;
+------+-------+----------+----------------------------------------------------------------------------------------------------------------------------------------------+
; Port ; Type  ; Severity ; Details                                                                                                                                      ;
+------+-------+----------+----------------------------------------------------------------------------------------------------------------------------------------------+
; data ; Input ; Warning  ; Input port expression (3 bits) is smaller than the input port (4 bits) it drives.  Extra input bit(s) "data[3..3]" will be connected to GND. ;
+------+-------+----------+----------------------------------------------------------------------------------------------------------------------------------------------+


+------------------------------------------------------------------------------------------------------------------------------------------------------------------------+
; Port Connectivity Checks: "tradutor_4_bits_7_seguimentos:display0"                                                                                                     ;
+------+-------+----------+----------------------------------------------------------------------------------------------------------------------------------------------+
; Port ; Type  ; Severity ; Details                                                                                                                                      ;
+------+-------+----------+----------------------------------------------------------------------------------------------------------------------------------------------+
; data ; Input ; Warning  ; Input port expression (2 bits) is smaller than the input port (4 bits) it drives.  Extra input bit(s) "data[3..2]" will be connected to GND. ;
+------+-------+----------+----------------------------------------------------------------------------------------------------------------------------------------------+


+-------------------------------+
; Elapsed Time Per Partition    ;
+----------------+--------------+
; Partition Name ; Elapsed Time ;
+----------------+--------------+
; Top            ; 00:00:00     ;
+----------------+--------------+


+-------------------------------+
; Analysis & Synthesis Messages ;
+-------------------------------+
Info: *******************************************************************
Info: Running Quartus II 64-Bit Analysis & Synthesis
    Info: Version 13.0.1 Build 232 06/12/2013 Service Pack 1 SJ Web Edition
    Info: Processing started: Fri Aug 24 22:18:34 2018
Info: Command: quartus_map --read_settings_files=on --write_settings_files=off parte3 -c parte3
Warning (20028): Parallel compilation is not licensed and has been disabled
Info (12021): Found 1 design units, including 1 entities, in source file top_parte3.v
    Info (12023): Found entity 1: top_parte3
Info (12021): Found 1 design units, including 1 entities, in source file tradutor_4_bits_7_seguimentos.v
    Info (12023): Found entity 1: tradutor_4_bits_7_seguimentos
Info (12021): Found 1 design units, including 1 entities, in source file cache.v
    Info (12023): Found entity 1: cache
Info (12021): Found 6 design units, including 6 entities, in source file mux.v
    Info (12023): Found entity 1: mux_2_1_1_bit
    Info (12023): Found entity 2: mux_8_1_1_bit
    Info (12023): Found entity 3: mux_8_1_4_bits
    Info (12023): Found entity 4: mux_2_1_2_bits
    Info (12023): Found entity 5: mux_2_1_4bits
    Info (12023): Found entity 6: mux_2_1_17bits
Info (12021): Found 1 design units, including 1 entities, in source file comparacoes.v
    Info (12023): Found entity 1: compara_2_2_bits
Info (12127): Elaborating entity "top_parte3" for the top level hierarchy
Warning (10230): Verilog HDL assignment warning at top_parte3.v(21): truncated value with size 8 to match size of target (7)
Warning (10230): Verilog HDL assignment warning at top_parte3.v(22): truncated value with size 8 to match size of target (7)
Warning (10230): Verilog HDL assignment warning at top_parte3.v(23): truncated value with size 8 to match size of target (7)
Warning (10230): Verilog HDL assignment warning at top_parte3.v(24): truncated value with size 8 to match size of target (7)
Warning (10034): Output port "LEDR[16..9]" at top_parte3.v(18) has no driver
Warning (10034): Output port "LEDR[7..1]" at top_parte3.v(18) has no driver
Warning (10034): Output port "LEDG[7..1]" at top_parte3.v(19) has no driver
Info (12128): Elaborating entity "tradutor_4_bits_7_seguimentos" for hierarchy "tradutor_4_bits_7_seguimentos:display0"
Info (12128): Elaborating entity "mux_2_1_2_bits" for hierarchy "mux_2_1_2_bits:def_tag0"
Info (12128): Elaborating entity "mux_2_1_1_bit" for hierarchy "mux_2_1_2_bits:def_tag0|mux_2_1_1_bit:m0"
Info (12128): Elaborating entity "mux_2_1_4bits" for hierarchy "mux_2_1_4bits:dado_0"
Info (12128): Elaborating entity "mux_8_1_1_bit" for hierarchy "mux_8_1_1_bit:mux2"
Info (12128): Elaborating entity "compara_2_2_bits" for hierarchy "compara_2_2_bits:compara_tag0"
Info (12128): Elaborating entity "mux_8_1_4_bits" for hierarchy "mux_8_1_4_bits:mux0"
Info (12128): Elaborating entity "cache" for hierarchy "cache:c1"
Info (12128): Elaborating entity "altsyncram" for hierarchy "cache:c1|altsyncram:altsyncram_component"
Info (12130): Elaborated megafunction instantiation "cache:c1|altsyncram:altsyncram_component"
Info (12133): Instantiated megafunction "cache:c1|altsyncram:altsyncram_component" with the following parameter:
    Info (12134): Parameter "address_reg_b" = "CLOCK1"
    Info (12134): Parameter "clock_enable_input_a" = "BYPASS"
    Info (12134): Parameter "clock_enable_input_b" = "BYPASS"
    Info (12134): Parameter "clock_enable_output_a" = "BYPASS"
    Info (12134): Parameter "clock_enable_output_b" = "BYPASS"
    Info (12134): Parameter "init_file" = "cache.mif"
    Info (12134): Parameter "intended_device_family" = "Cyclone II"
    Info (12134): Parameter "lpm_type" = "altsyncram"
    Info (12134): Parameter "numwords_a" = "8"
    Info (12134): Parameter "numwords_b" = "8"
    Info (12134): Parameter "operation_mode" = "DUAL_PORT"
    Info (12134): Parameter "outdata_aclr_b" = "NONE"
    Info (12134): Parameter "outdata_reg_b" = "UNREGISTERED"
    Info (12134): Parameter "power_up_uninitialized" = "FALSE"
    Info (12134): Parameter "rdcontrol_reg_b" = "CLOCK1"
    Info (12134): Parameter "widthad_a" = "3"
    Info (12134): Parameter "widthad_b" = "3"
    Info (12134): Parameter "width_a" = "17"
    Info (12134): Parameter "width_b" = "17"
    Info (12134): Parameter "width_byteena_a" = "1"
Info (12021): Found 1 design units, including 1 entities, in source file db/altsyncram_7np1.tdf
    Info (12023): Found entity 1: altsyncram_7np1
Info (12128): Elaborating entity "altsyncram_7np1" for hierarchy "cache:c1|altsyncram:altsyncram_component|altsyncram_7np1:auto_generated"
Info (12128): Elaborating entity "mux_2_1_17bits" for hierarchy "mux_2_1_17bits:juncao_leitura_escrita"
Warning (12241): 6 hierarchies have connectivity warnings - see the Connectivity Checks report folder
Warning (13024): Output pins are stuck at VCC or GND
    Warning (13410): Pin "HEX1[0]" is stuck at VCC
    Warning (13410): Pin "HEX1[1]" is stuck at VCC
    Warning (13410): Pin "HEX1[2]" is stuck at VCC
    Warning (13410): Pin "HEX1[3]" is stuck at VCC
    Warning (13410): Pin "HEX1[4]" is stuck at VCC
    Warning (13410): Pin "HEX1[5]" is stuck at VCC
    Warning (13410): Pin "HEX1[6]" is stuck at VCC
    Warning (13410): Pin "HEX3[0]" is stuck at VCC
    Warning (13410): Pin "HEX3[1]" is stuck at VCC
    Warning (13410): Pin "HEX3[2]" is stuck at VCC
    Warning (13410): Pin "HEX3[3]" is stuck at VCC
    Warning (13410): Pin "HEX3[4]" is stuck at VCC
    Warning (13410): Pin "HEX3[5]" is stuck at VCC
    Warning (13410): Pin "HEX3[6]" is stuck at VCC
    Warning (13410): Pin "HEX4[0]" is stuck at VCC
    Warning (13410): Pin "HEX4[1]" is stuck at VCC
    Warning (13410): Pin "HEX4[2]" is stuck at VCC
    Warning (13410): Pin "HEX4[3]" is stuck at VCC
    Warning (13410): Pin "HEX4[4]" is stuck at VCC
    Warning (13410): Pin "HEX4[5]" is stuck at VCC
    Warning (13410): Pin "HEX4[6]" is stuck at VCC
    Warning (13410): Pin "HEX5[0]" is stuck at VCC
    Warning (13410): Pin "HEX5[1]" is stuck at VCC
    Warning (13410): Pin "HEX5[2]" is stuck at VCC
    Warning (13410): Pin "HEX5[3]" is stuck at VCC
    Warning (13410): Pin "HEX5[4]" is stuck at VCC
    Warning (13410): Pin "HEX5[5]" is stuck at VCC
    Warning (13410): Pin "HEX5[6]" is stuck at VCC
    Warning (13410): Pin "HEX7[1]" is stuck at GND
    Warning (13410): Pin "LEDR[1]" is stuck at GND
    Warning (13410): Pin "LEDR[2]" is stuck at GND
    Warning (13410): Pin "LEDR[3]" is stuck at GND
    Warning (13410): Pin "LEDR[4]" is stuck at GND
    Warning (13410): Pin "LEDR[5]" is stuck at GND
    Warning (13410): Pin "LEDR[6]" is stuck at GND
    Warning (13410): Pin "LEDR[7]" is stuck at GND
    Warning (13410): Pin "LEDR[9]" is stuck at GND
    Warning (13410): Pin "LEDR[10]" is stuck at GND
    Warning (13410): Pin "LEDR[11]" is stuck at GND
    Warning (13410): Pin "LEDR[12]" is stuck at GND
    Warning (13410): Pin "LEDR[13]" is stuck at GND
    Warning (13410): Pin "LEDR[14]" is stuck at GND
    Warning (13410): Pin "LEDR[15]" is stuck at GND
    Warning (13410): Pin "LEDR[16]" is stuck at GND
    Warning (13410): Pin "LEDG[1]" is stuck at GND
    Warning (13410): Pin "LEDG[2]" is stuck at GND
    Warning (13410): Pin "LEDG[3]" is stuck at GND
    Warning (13410): Pin "LEDG[4]" is stuck at GND
    Warning (13410): Pin "LEDG[5]" is stuck at GND
    Warning (13410): Pin "LEDG[6]" is stuck at GND
    Warning (13410): Pin "LEDG[7]" is stuck at GND
Info (16010): Generating hard_block partition "hard_block:auto_generated_inst"
    Info (16011): Adding 0 node(s), including 0 DDIO, 0 PLL, 0 transceiver and 0 LCELL
Warning (21074): Design contains 10 input pin(s) that do not drive logic
    Warning (15610): No output dependent on input pin "KEY[1]"
    Warning (15610): No output dependent on input pin "KEY[2]"
    Warning (15610): No output dependent on input pin "KEY[3]"
    Warning (15610): No output dependent on input pin "SW[4]"
    Warning (15610): No output dependent on input pin "SW[5]"
    Warning (15610): No output dependent on input pin "SW[6]"
    Warning (15610): No output dependent on input pin "SW[7]"
    Warning (15610): No output dependent on input pin "SW[8]"
    Warning (15610): No output dependent on input pin "SW[9]"
    Warning (15610): No output dependent on input pin "SW[10]"
Info (21057): Implemented 179 device resources after synthesis - the final resource count might be different
    Info (21058): Implemented 22 input pins
    Info (21059): Implemented 82 output pins
    Info (21061): Implemented 58 logic cells
    Info (21064): Implemented 17 RAM segments
Info: Quartus II 64-Bit Analysis & Synthesis was successful. 0 errors, 72 warnings
    Info: Peak virtual memory: 463 megabytes
    Info: Processing ended: Fri Aug 24 22:18:38 2018
    Info: Elapsed time: 00:00:04
    Info: Total CPU time (on all processors): 00:00:04


